<?xml version="1.0" encoding="UTF-8"?>
<!-- Generated by org.testng.reporters.JUnitReportReporter -->
<testsuite hostname="developer" name="tz.tazamaa_1.service.EmployeeserviceImplTest" tests="7" failures="0" timestamp="23 Mar 2016 12:14:47 GMT" time="0.004" errors="0">
  <testcase name="findById" time="0.001" classname="tz.tazamaa_1.service.EmployeeserviceImplTest"/>
  <testcase name="saveEmployee" time="0.000" classname="tz.tazamaa_1.service.EmployeeserviceImplTest"/>
  <testcase name="findEmployeeBySsn" time="0.000" classname="tz.tazamaa_1.service.EmployeeserviceImplTest"/>
  <testcase name="updateEmployee" time="0.001" classname="tz.tazamaa_1.service.EmployeeserviceImplTest"/>
  <testcase name="findAllEmployees" time="0.001" classname="tz.tazamaa_1.service.EmployeeserviceImplTest"/>
  <testcase name="deleteEmployeeBySsn" time="0.001" classname="tz.tazamaa_1.service.EmployeeserviceImplTest"/>
  <testcase name="isEmployeeSsnUnique" time="0.000" classname="tz.tazamaa_1.service.EmployeeserviceImplTest"/>
</testsuite> <!-- tz.tazamaa_1.service.EmployeeserviceImplTest -->
