<?xml version="1.0" encoding="UTF-8"?>
<!-- Generated by org.testng.reporters.JUnitReportReporter -->
<testsuite hostname="developer" name="tz.tazamaa_1.Dao.EmployeeDaoImpTest" tests="6" failures="0" timestamp="23 Mar 2016 12:14:47 GMT" time="0.812" errors="0">
  <testcase name="deleteEmployeeBySsn" time="0.026" classname="tz.tazamaa_1.Dao.EmployeeDaoImpTest"/>
  <testcase name="findEmployeeBySsn" time="0.323" classname="tz.tazamaa_1.Dao.EmployeeDaoImpTest"/>
  <testcase name="saveEmployee" time="0.065" classname="tz.tazamaa_1.Dao.EmployeeDaoImpTest"/>
  <testcase name="deleteEmployeeByInvalidSsn" time="0.331" classname="tz.tazamaa_1.Dao.EmployeeDaoImpTest"/>
  <testcase name="findById" time="0.037" classname="tz.tazamaa_1.Dao.EmployeeDaoImpTest"/>
  <testcase name="findAllEmployees" time="0.030" classname="tz.tazamaa_1.Dao.EmployeeDaoImpTest"/>
</testsuite> <!-- tz.tazamaa_1.Dao.EmployeeDaoImpTest -->
