<?xml version="1.0" encoding="UTF-8"?>
<!-- Generated by org.testng.reporters.JUnitReportReporter -->
<testsuite hostname="developer" name="tz.tazamaa_1.controller.AppControllerTest" tests="10" failures="0" timestamp="23 Mar 2016 12:14:47 GMT" time="0.081" errors="0">
  <testcase name="updateEmployeeWithValidationError" time="0.001" classname="tz.tazamaa_1.controller.AppControllerTest"/>
  <testcase name="editEmployee" time="0.041" classname="tz.tazamaa_1.controller.AppControllerTest"/>
  <testcase name="deleteEmployee" time="0.018" classname="tz.tazamaa_1.controller.AppControllerTest"/>
  <testcase name="updateEmployeeWithSuccess" time="0.002" classname="tz.tazamaa_1.controller.AppControllerTest"/>
  <testcase name="saveEmployeeWithValidationError" time="0.001" classname="tz.tazamaa_1.controller.AppControllerTest"/>
  <testcase name="saveEmployeeWithSuccess" time="0.002" classname="tz.tazamaa_1.controller.AppControllerTest"/>
  <testcase name="saveEmployeeWithValidationErrorNonUniqueSSN" time="0.003" classname="tz.tazamaa_1.controller.AppControllerTest"/>
  <testcase name="listEmployees" time="0.011" classname="tz.tazamaa_1.controller.AppControllerTest"/>
  <testcase name="newEmployee" time="0.001" classname="tz.tazamaa_1.controller.AppControllerTest"/>
  <testcase name="updateEmployeeWithValidationErrorNonUniqueSSN" time="0.001" classname="tz.tazamaa_1.controller.AppControllerTest"/>
</testsuite> <!-- tz.tazamaa_1.controller.AppControllerTest -->
